<?xml version="1.0" encoding="UTF-8"?>
<!-- Generated by org.testng.reporters.JUnitReportReporter -->
<testsuite hostname="LAPTOP-8BIKHS8A" failures="0" tests="1" name="com.test.tests.TekArchApiTestScriptE2E" time="1.910" errors="0" timestamp="2022-10-15T14:04:15 EDT" skipped="0">
  <testcase classname="com.test.tests.TekArchApiTestScriptE2E" name="TC0102" time="1.910"/>
  <system-out/>
</testsuite> <!-- com.test.tests.TekArchApiTestScriptE2E -->
